C51 COMPILER V8.08   LDR_TO_SER2                                                           02/09/2017 05:38:09 PAGE 1   


C51 COMPILER V8.08, COMPILATION OF MODULE LDR_TO_SER2
OBJECT MODULE PLACED IN Ldr_to_ser2.OBJ
COMPILER INVOKED BY: C:\Keil\C51\BIN\C51.EXE Ldr_to_ser2.c BROWSE DEBUG OBJECTEXTEND

line level    source

   1          //LDR To Servo
   2          #include<reg51.h>
   3          #include<stdio.h>
   4          #include <intrins.h>
   5          sbit LDR=P1^4; // LDR Output
   6          sbit servo=P3^5; //Servo Output
   7          void Delay_servo(unsigned int us);
   8          void Servo_clockwise(void);
   9          void Servo_anticlockwise(void);
  10          void main()
  11          {
  12   1        //Servo_anticlockwise();
  13   1        P0 = 0xff;
  14   1        servo=0;
  15   1        while(1)
  16   1        {
  17   2              if(LDR==1)
  18   2              {
  19   3                      Servo_clockwise();
  20   3              }
  21   2              else
  22   2              {
  23   3                      Servo_anticlockwise();
  24   3              }
  25   2        }
  26   1      }
  27          
  28                  void Servo_clockwise(void)
  29                  {
  30   1              //Turn to 0 degree
  31   1          servo = 1;
  32   1          Delay_servo(50);
  33   1          servo = 0;
  34   1              }
  35          
  36                  void Servo_anticlockwise(void)
  37                  {
  38   1              //Turn to 180 degree
  39   1          servo=0;
  40   1          Delay_servo(50);
  41   1          servo=1;
  42   1              }
  43                  
  44                  void Delay_servo(unsigned int us)
  45                  {
  46   1                      while(us--)
  47   1                      {
  48   2              _nop_();
  49   2                      }
  50   1              }


MODULE INFORMATION:   STATIC OVERLAYABLE
   CODE SIZE        =     56    ----
   CONSTANT SIZE    =   ----    ----
C51 COMPILER V8.08   LDR_TO_SER2                                                           02/09/2017 05:38:09 PAGE 2   

   XDATA SIZE       =   ----    ----
   PDATA SIZE       =   ----    ----
   DATA SIZE        =   ----    ----
   IDATA SIZE       =   ----    ----
   BIT SIZE         =   ----    ----
END OF MODULE INFORMATION.


C51 COMPILATION COMPLETE.  0 WARNING(S),  0 ERROR(S)
