C51 COMPILER V8.08   SERVOV2                                                               02/09/2017 00:06:32 PAGE 1   


C51 COMPILER V8.08, COMPILATION OF MODULE SERVOV2
OBJECT MODULE PLACED IN servoV2.OBJ
COMPILER INVOKED BY: C:\Keil\C51\BIN\C51.EXE servoV2.c BROWSE DEBUG OBJECTEXTEND

line level    source

   1          #include<reg52.h>
   2          #include<stdio.h>
   3          #include <intrins.h>
   4          
   5          sbit motor_pin = P3^5;
   6          void Delay(unsigned int);
   7          void Delay_servo(unsigned int);
   8          void main()
   9          {
  10   1        motor_pin = 0;
  11   1      
  12   1        do
  13   1        {
  14   2          //Turn to 0 degree
  15   2          motor_pin = 0;
  16   2          Delay_servo(1000);
  17   2          motor_pin = 1;
  18   2      
  19   2          /*Delay(1000);
  20   2      
  21   2          //Turn to 90 degree
  22   2          motor_pin=1;
  23   2          Delay_servo(82);
  24   2          motor_pin=0;
  25   2      
  26   2          Delay(1000);
  27   2      
  28   2          //Turn to 180 degree
  29   2          motor_pin=1;
  30   2          Delay_servo(110);
  31   2          motor_pin=0;
  32   2      
  33   2          Delay(1000);*/
  34   2        }while(1);
  35   1      }
  36          
  37          void Delay_servo(unsigned int msec)
  38          {
  39   1        unsigned int i;
  40   1      for(i=0;i<msec;i++)
  41   1      {
  42   2      TMOD=0x20;         // Mode2
  43   2      TH1=0xD1;
  44   2      TL1=0xFF;
  45   2      
  46   2      TR1=1;
  47   2      while(TF1==0);
  48   2      TF1=0;
  49   2      TR1=0;
  50   2      } 
  51   1      }


MODULE INFORMATION:   STATIC OVERLAYABLE
   CODE SIZE        =     51    ----
C51 COMPILER V8.08   SERVOV2                                                               02/09/2017 00:06:32 PAGE 2   

   CONSTANT SIZE    =   ----    ----
   XDATA SIZE       =   ----    ----
   PDATA SIZE       =   ----    ----
   DATA SIZE        =   ----    ----
   IDATA SIZE       =   ----    ----
   BIT SIZE         =   ----    ----
END OF MODULE INFORMATION.


C51 COMPILATION COMPLETE.  0 WARNING(S),  0 ERROR(S)
